#! /usr/bin/vvp
:ivl_version "10.1 (stable)";
:ivl_delay_selection "TYPICAL";
:vpi_time_precision + 0;
:vpi_module "system";
:vpi_module "vhdl_sys";
:vpi_module "v2005_math";
:vpi_module "va_math";
S_0x55fd87a7a0a0 .scope module, "add4" "add4" 2 1;
 .timescale 0 0;
    .port_info 0 /OUTPUT 5 "s"
    .port_info 1 /INPUT 4 "a"
    .port_info 2 /INPUT 4 "b"
v0x55fd87a7a220_0 .net *"_s0", 4 0, L_0x55fd87a9a8d0;  1 drivers
L_0x7fd20726e018 .functor BUFT 1, C4<0>, C4<0>, C4<0>, C4<0>;
v0x55fd87a9a2e0_0 .net *"_s3", 0 0, L_0x7fd20726e018;  1 drivers
v0x55fd87a9a3c0_0 .net *"_s4", 4 0, L_0x55fd87a9aa20;  1 drivers
L_0x7fd20726e060 .functor BUFT 1, C4<0>, C4<0>, C4<0>, C4<0>;
v0x55fd87a9a480_0 .net *"_s7", 0 0, L_0x7fd20726e060;  1 drivers
o0x7fd2072b70d8 .functor BUFZ 4, C4<zzzz>; HiZ drive
v0x55fd87a9a560_0 .net "a", 3 0, o0x7fd2072b70d8;  0 drivers
o0x7fd2072b7108 .functor BUFZ 4, C4<zzzz>; HiZ drive
v0x55fd87a9a690_0 .net "b", 3 0, o0x7fd2072b7108;  0 drivers
v0x55fd87a9a770_0 .net "s", 4 0, L_0x55fd87a9ab70;  1 drivers
L_0x55fd87a9a8d0 .concat [ 4 1 0 0], o0x7fd2072b70d8, L_0x7fd20726e018;
L_0x55fd87a9aa20 .concat [ 4 1 0 0], o0x7fd2072b7108, L_0x7fd20726e060;
L_0x55fd87a9ab70 .arith/sub 5, L_0x55fd87a9a8d0, L_0x55fd87a9aa20;
# The file index is used to find the file name in the following table.
:file_names 3;
    "N/A";
    "<interactive>";
    "./sub4.v";
