#! /usr/bin/vvp
:ivl_version "10.1 (stable)";
:ivl_delay_selection "TYPICAL";
:vpi_time_precision + 0;
:vpi_module "system";
:vpi_module "vhdl_sys";
:vpi_module "v2005_math";
:vpi_module "va_math";
S_0x55f77368ab00 .scope module, "testcount4r2m" "testcount4r2m" 2 1;
 .timescale 0 0;
v0x55f7736ab180_0 .var "ck", 0 0;
v0x55f7736ab250_0 .net "out", 3 0, L_0x55f773689de0;  1 drivers
v0x55f7736ab320_0 .var "res", 0 0;
S_0x55f77368ac80 .scope module, "cnt" "count4r2m" 2 16, 3 1 0, S_0x55f77368ab00;
 .timescale 0 0;
    .port_info 0 /OUTPUT 4 "out"
    .port_info 1 /INPUT 1 "ck"
    .port_info 2 /INPUT 1 "res"
L_0x55f773689de0 .functor BUFZ 4, v0x55f7736aaf80_0, C4<0000>, C4<0000>, C4<0000>;
v0x55f77368aea0_0 .net "ck", 0 0, v0x55f7736ab180_0;  1 drivers
v0x55f7736aaea0_0 .net "out", 3 0, L_0x55f773689de0;  alias, 1 drivers
v0x55f7736aaf80_0 .var "q", 3 0;
v0x55f7736ab040_0 .net "res", 0 0, v0x55f7736ab320_0;  1 drivers
E_0x55f77364fd70/0 .event negedge, v0x55f7736ab040_0;
E_0x55f77364fd70/1 .event posedge, v0x55f77368aea0_0;
E_0x55f77364fd70 .event/or E_0x55f77364fd70/0, E_0x55f77364fd70/1;
    .scope S_0x55f77368ac80;
T_0 ;
    %wait E_0x55f77364fd70;
    %load/vec4 v0x55f7736ab040_0;
    %nor/r;
    %flag_set/vec4 8;
    %jmp/0xz  T_0.0, 8;
    %pushi/vec4 1, 0, 4;
    %assign/vec4 v0x55f7736aaf80_0, 0;
    %jmp T_0.1;
T_0.0 ;
    %load/vec4 v0x55f7736aaf80_0;
    %muli 2, 0, 4;
    %assign/vec4 v0x55f7736aaf80_0, 0;
T_0.1 ;
    %jmp T_0;
    .thread T_0;
    .scope S_0x55f77368ab00;
T_1 ;
    %vpi_call 2 5 "$monitor", "%t %b %b %b", $time, v0x55f7736ab180_0, v0x55f7736ab320_0, v0x55f7736ab250_0 {0 0 0};
    %pushi/vec4 0, 0, 1;
    %assign/vec4 v0x55f7736ab180_0, 0;
    %pushi/vec4 0, 0, 1;
    %assign/vec4 v0x55f7736ab320_0, 0;
    %delay 40, 0;
    %pushi/vec4 1, 0, 1;
    %assign/vec4 v0x55f7736ab320_0, 0;
    %delay 60, 0;
    %load/vec4 v0x55f7736ab250_0;
    %cmpi/e 8, 0, 4;
    %jmp/0xz  T_1.0, 4;
    %vpi_call 2 11 "$display", "OK\012" {0 0 0};
T_1.0 ;
    %vpi_call 2 13 "$finish" {0 0 0};
    %end;
    .thread T_1;
    .scope S_0x55f77368ab00;
T_2 ;
    %delay 10, 0;
    %load/vec4 v0x55f7736ab180_0;
    %inv;
    %assign/vec4 v0x55f7736ab180_0, 0;
    %jmp T_2;
    .thread T_2;
# The file index is used to find the file name in the following table.
:file_names 4;
    "N/A";
    "<interactive>";
    "testcount4r2m.v";
    "count4r2m.v";
